This file contains any messages produced by compilers while
running configure, to aid debugging if configure makes a mistake.

It was created by configure, which was
generated by GNU Autoconf 2.53.  Invocation command line was

  $ ./configure 

## --------- ##
## Platform. ##
## --------- ##

hostname = dabeeo-ubuntu
uname -m = x86_64
uname -r = 4.10.0-27-generic
uname -s = Linux
uname -v = #30~16.04.2-Ubuntu SMP Thu Jun 29 16:07:46 UTC 2017

/usr/bin/uname -p = unknown
/bin/uname -X     = unknown

/bin/arch              = unknown
/usr/bin/arch -k       = unknown
/usr/convex/getsysinfo = unknown
hostinfo               = unknown
/bin/machine           = unknown
/usr/bin/oslevel       = unknown
/bin/universe          = unknown

PATH: /home/dabeeo/anaconda3/bin
PATH: /home/dabeeo/bin
PATH: /home/dabeeo/.local/bin
PATH: /usr/local/sbin
PATH: /usr/local/bin
PATH: /usr/sbin
PATH: /usr/bin
PATH: /sbin
PATH: /bin
PATH: /usr/games
PATH: /usr/local/games
PATH: /snap/bin


## ----------- ##
## Core tests. ##
## ----------- ##

configure:1432: checking for a BSD-compatible install
configure:1486: result: /usr/bin/install -c
configure:1497: checking whether build environment is sane
configure:1540: result: yes
configure:1574: checking for gawk
configure:1603: result: no
configure:1574: checking for mawk
configure:1590: found /usr/bin/mawk
configure:1600: result: mawk
configure:1610: checking whether make sets ${MAKE}
configure:1630: result: yes
configure:1779: checking for gcc
configure:1795: found /usr/bin/gcc
configure:1805: result: gcc
configure:2049: checking for C compiler version
configure:2052: gcc --version </dev/null >&5
gcc (Ubuntu 5.4.0-6ubuntu1~16.04.4) 5.4.0 20160609
Copyright (C) 2015 Free Software Foundation, Inc.
This is free software; see the source for copying conditions.  There is NO
warranty; not even for MERCHANTABILITY or FITNESS FOR A PARTICULAR PURPOSE.

configure:2055: $? = 0
configure:2057: gcc -v </dev/null >&5
Using built-in specs.
COLLECT_GCC=gcc
COLLECT_LTO_WRAPPER=/usr/lib/gcc/x86_64-linux-gnu/5/lto-wrapper
Target: x86_64-linux-gnu
Configured with: ../src/configure -v --with-pkgversion='Ubuntu 5.4.0-6ubuntu1~16.04.4' --with-bugurl=file:///usr/share/doc/gcc-5/README.Bugs --enable-languages=c,ada,c++,java,go,d,fortran,objc,obj-c++ --prefix=/usr --program-suffix=-5 --enable-shared --enable-linker-build-id --libexecdir=/usr/lib --without-included-gettext --enable-threads=posix --libdir=/usr/lib --enable-nls --with-sysroot=/ --enable-clocale=gnu --enable-libstdcxx-debug --enable-libstdcxx-time=yes --with-default-libstdcxx-abi=new --enable-gnu-unique-object --disable-vtable-verify --enable-libmpx --enable-plugin --with-system-zlib --disable-browser-plugin --enable-java-awt=gtk --enable-gtk-cairo --with-java-home=/usr/lib/jvm/java-1.5.0-gcj-5-amd64/jre --enable-java-home --with-jvm-root-dir=/usr/lib/jvm/java-1.5.0-gcj-5-amd64 --with-jvm-jar-dir=/usr/lib/jvm-exports/java-1.5.0-gcj-5-amd64 --with-arch-directory=amd64 --with-ecj-jar=/usr/share/java/eclipse-ecj.jar --enable-objc-gc --enable-multiarch --disable-werror --with-arch-32=i686 --with-abi=m64 --with-multilib-list=m32,m64,mx32 --enable-multilib --with-tune=generic --enable-checking=release --build=x86_64-linux-gnu --host=x86_64-linux-gnu --target=x86_64-linux-gnu
Thread model: posix
gcc version 5.4.0 20160609 (Ubuntu 5.4.0-6ubuntu1~16.04.4) 
configure:2060: $? = 0
configure:2062: gcc -V </dev/null >&5
gcc: error: unrecognized command line option '-V'
gcc: fatal error: no input files
compilation terminated.
configure:2065: $? = 1
configure:2091: checking for C compiler default output
configure:2094: gcc    conftest.c  >&5
configure:2097: $? = 0
configure:2130: result: a.out
configure:2135: checking whether the C compiler works
configure:2141: ./a.out
configure:2144: $? = 0
configure:2159: result: yes
configure:2166: checking whether we are cross compiling
configure:2168: result: no
configure:2171: checking for suffix of executables
configure:2173: gcc -o conftest    conftest.c  >&5
configure:2176: $? = 0
configure:2198: result: 
configure:2204: checking for suffix of object files
configure:2228: gcc -c   conftest.c >&5
configure:2231: $? = 0
configure:2250: result: o
configure:2254: checking whether we are using the GNU C compiler
configure:2281: gcc -c   conftest.c >&5
configure:2284: $? = 0
configure:2287: test -s conftest.o
configure:2290: $? = 0
configure:2302: result: yes
configure:2308: checking whether gcc accepts -g
configure:2332: gcc -c -g  conftest.c >&5
configure:2335: $? = 0
configure:2338: test -s conftest.o
configure:2341: $? = 0
configure:2351: result: yes
configure:2378: gcc -c -g -O2  conftest.c >&5
conftest.c:2:3: error: unknown type name 'choke'
   choke me
   ^
conftest.c:2:3: error: expected '=', ',', ';', 'asm' or '__attribute__' at end of input
configure:2381: $? = 1
configure: failed program was:
#ifndef __cplusplus
  choke me
#endif
configure:2499: checking for style of include used by make
configure:2527: result: GNU
configure:2534: checking dependency style of gcc
configure:2596: result: none
configure:2673: checking build system type
configure:2691: result: x86_64-unknown-linux-gnu
configure:2699: checking host system type
configure:2713: result: x86_64-unknown-linux-gnu
configure:2743: checking for ld used by GCC
configure:2806: result: /usr/bin/ld
configure:2815: checking if the linker (/usr/bin/ld) is GNU ld
GNU ld (GNU Binutils for Ubuntu) 2.26.1
configure:2827: result: yes
configure:2832: checking for /usr/bin/ld option to reload object files
configure:2839: result: -r
configure:2844: checking for BSD-compatible nm
configure:2880: result: /usr/bin/nm -B
configure:2883: checking whether ln -s works
configure:2887: result: yes
configure:2894: checking how to recognise dependant libraries
configure:3072: result: file_magic ELF [0-9][0-9]*-bit [LM]SB (shared object|dynamic lib )
configure:3085: checking command to parse /usr/bin/nm -B output
configure:3166: gcc -c -g -O2  conftest.c >&5
configure:3169: $? = 0
configure:3173: /usr/bin/nm -B conftest.o \| sed -n -e 's/^.*[ 	]\([ABCDGISTW][ABCDGISTW]*\)[ 	][ 	]*\(\)\([_A-Za-z][_A-Za-z0-9]*\)$/\1 \2\3 \3/p' \> conftest.nm
configure:3176: $? = 0
configure:3228: gcc -o conftest -g -O2   conftest.c conftstm.o >&5
configure:3231: $? = 0
configure:3275: result: ok
configure:3284: checking how to run the C preprocessor
configure:3310: gcc -E  conftest.c
configure:3316: $? = 0
configure:3343: gcc -E  conftest.c
configure:3339:28: fatal error: ac_nonexistent.h: No such file or directory
compilation terminated.
configure:3349: $? = 1
configure: failed program was:
#line 3338 "configure"
#include "confdefs.h"
#include <ac_nonexistent.h>
configure:3386: result: gcc -E
configure:3401: gcc -E  conftest.c
configure:3407: $? = 0
configure:3434: gcc -E  conftest.c
configure:3430:28: fatal error: ac_nonexistent.h: No such file or directory
compilation terminated.
configure:3440: $? = 1
configure: failed program was:
#line 3429 "configure"
#include "confdefs.h"
#include <ac_nonexistent.h>
configure:3480: checking for ANSI C header files
configure:3494: gcc -E  conftest.c
configure:3500: $? = 0
configure:3587: gcc -o conftest -g -O2   conftest.c  >&5
configure: In function 'main':
configure:3578:7: warning: implicit declaration of function 'exit' [-Wimplicit-function-declaration]
   int i;
       ^
configure:3578:7: warning: incompatible implicit declaration of built-in function 'exit'
configure:3578:7: note: include '<stdlib.h>' or provide a declaration of 'exit'
configure:3579:3: warning: incompatible implicit declaration of built-in function 'exit'
   for (i = 0; i < 256; i++)
   ^
configure:3579:3: note: include '<stdlib.h>' or provide a declaration of 'exit'
configure:3590: $? = 0
configure:3592: ./conftest
configure:3595: $? = 0
configure:3609: result: yes
configure:3633: checking for sys/types.h
configure:3646: gcc -c -g -O2  conftest.c >&5
configure:3649: $? = 0
configure:3652: test -s conftest.o
configure:3655: $? = 0
configure:3665: result: yes
configure:3633: checking for sys/stat.h
configure:3646: gcc -c -g -O2  conftest.c >&5
configure:3649: $? = 0
configure:3652: test -s conftest.o
configure:3655: $? = 0
configure:3665: result: yes
configure:3633: checking for stdlib.h
configure:3646: gcc -c -g -O2  conftest.c >&5
configure:3649: $? = 0
configure:3652: test -s conftest.o
configure:3655: $? = 0
configure:3665: result: yes
configure:3633: checking for string.h
configure:3646: gcc -c -g -O2  conftest.c >&5
configure:3649: $? = 0
configure:3652: test -s conftest.o
configure:3655: $? = 0
configure:3665: result: yes
configure:3633: checking for memory.h
configure:3646: gcc -c -g -O2  conftest.c >&5
configure:3649: $? = 0
configure:3652: test -s conftest.o
configure:3655: $? = 0
configure:3665: result: yes
configure:3633: checking for strings.h
configure:3646: gcc -c -g -O2  conftest.c >&5
configure:3649: $? = 0
configure:3652: test -s conftest.o
configure:3655: $? = 0
configure:3665: result: yes
configure:3633: checking for inttypes.h
configure:3646: gcc -c -g -O2  conftest.c >&5
configure:3649: $? = 0
configure:3652: test -s conftest.o
configure:3655: $? = 0
configure:3665: result: yes
configure:3633: checking for stdint.h
configure:3646: gcc -c -g -O2  conftest.c >&5
configure:3649: $? = 0
configure:3652: test -s conftest.o
configure:3655: $? = 0
configure:3665: result: yes
configure:3633: checking for unistd.h
configure:3646: gcc -c -g -O2  conftest.c >&5
configure:3649: $? = 0
configure:3652: test -s conftest.o
configure:3655: $? = 0
configure:3665: result: yes
configure:3691: checking dlfcn.h usability
configure:3700: gcc -c -g -O2  conftest.c >&5
configure:3703: $? = 0
configure:3706: test -s conftest.o
configure:3709: $? = 0
configure:3718: result: yes
configure:3722: checking dlfcn.h presence
configure:3729: gcc -E  conftest.c
configure:3735: $? = 0
configure:3753: result: yes
configure:3771: checking for dlfcn.h
configure:3778: result: yes
configure:3799: checking for file
configure:3854: result: /usr/bin/file
configure:3975: checking for ranlib
configure:3991: found /usr/bin/ranlib
configure:4002: result: ranlib
configure:4055: checking for strip
configure:4071: found /usr/bin/strip
configure:4082: result: strip
configure:4293: checking for objdir
configure:4304: result: .libs
configure:4321: checking for gcc option to produce PIC
configure:4471: result: -fPIC
configure:4475: checking if gcc PIC flag -fPIC works
configure:4501: gcc -c -g -O2 -fPIC -DPIC  conftest.c >&5
configure:4504: $? = 0
configure:4507: test -s conftest.o
configure:4510: $? = 0
configure:4547: result: yes
configure:4563: checking if gcc static flag -static works
configure:4590: gcc -o conftest -g -O2   -static conftest.c  >&5
configure:4593: $? = 0
configure:4596: test -s conftest
configure:4599: $? = 0
configure:4614: result: yes
configure:4626: checking if gcc supports -c -o file.o
configure:4646: gcc -c -g -O2 -o out/conftest2.o  conftest.c >&5
configure:4670: result: yes
configure:4675: checking if gcc supports -c -o file.lo
configure:4705: gcc -c -g -O2 -c -o conftest.lo  conftest.c >&5
configure:4708: $? = 0
configure:4711: test -s conftest.lo
configure:4714: $? = 0
configure:4735: result: yes
configure:4766: checking if gcc supports -fno-rtti -fno-exceptions
configure:4791: gcc -c -g -O2 -fno-rtti -fno-exceptions -c conftest.c  conftest.c >&5
cc1: warning: command line option '-fno-rtti' is valid for C++/ObjC++ but not for C
cc1: warning: command line option '-fno-rtti' is valid for C++/ObjC++ but not for C
configure:4794: $? = 0
configure:4797: test -s conftest.o
configure:4800: $? = 0
configure:4816: result: yes
configure:4827: checking whether the linker (/usr/bin/ld) supports shared libraries
configure:5507: result: yes
configure:5512: checking how to hardcode library paths into programs
configure:5536: result: immediate
configure:5541: checking whether stripping libraries is possible
configure:5546: result: yes
configure:5557: checking dynamic linker characteristics
configure:5950: result: GNU/Linux ld.so
configure:5955: checking if libtool supports shared libraries
configure:5957: result: yes
configure:5960: checking whether to build shared libraries
configure:5981: result: yes
configure:5984: checking whether to build static libraries
configure:5988: result: yes
configure:6650: checking whether -lc should be explicitly linked in
configure:6658: gcc -c -g -O2  conftest.c >&5
configure:6661: $? = 0
configure:6675: gcc -shared conftest.o  -v -Wl,-soname -Wl,conftest -o conftest 2\>\&1 \| grep  -lc  \>/dev/null 2\>\&1
configure:6678: $? = 0
configure:6691: result: no
configure:7268: checking whether to enable maintainer-specific portions of Makefiles
configure:7277: result: no
configure:7303: checking how to run the C preprocessor
configure:7405: result: gcc -E
configure:7420: gcc -E  conftest.c
configure:7426: $? = 0
configure:7453: gcc -E  conftest.c
configure:7449:28: fatal error: ac_nonexistent.h: No such file or directory
compilation terminated.
configure:7459: $? = 1
configure: failed program was:
#line 7448 "configure"
#include "confdefs.h"
#include <ac_nonexistent.h>
configure:7539: checking for ranlib
configure:7566: result: ranlib
configure:7578: checking whether build environment is sane
configure:7621: result: yes
configure:7635: checking for a BSD-compatible install
configure:7689: result: /usr/bin/install -c
configure:7714: checking malloc.h usability
configure:7723: gcc -c -g -O2  conftest.c >&5
configure:7726: $? = 0
configure:7729: test -s conftest.o
configure:7732: $? = 0
configure:7741: result: yes
configure:7745: checking malloc.h presence
configure:7752: gcc -E  conftest.c
configure:7758: $? = 0
configure:7776: result: yes
configure:7794: checking for malloc.h
configure:7801: result: yes
configure:7828: checking for Magick-config
configure:7858: result: no
configure:8017: WARNING: *** Magick-config is not found.                      ***
configure:8019: WARNING: *** ImageMagick input handler is disabled.           ***
configure:8081: checking for gzsetparams in -lz
configure:8114: gcc -o conftest -g -O2   conftest.c -lz   >&5
/usr/bin/ld: cannot find -lz
collect2: error: ld returned 1 exit status
configure:8117: $? = 1
configure: failed program was:
#line 8088 "configure"
#include "confdefs.h"

/* Override any gcc2 internal prototype to avoid an error.  */
#ifdef __cplusplus
extern "C"
#endif
/* We use char because int might match the return type of a gcc2
   builtin and then its argument prototype would still apply.  */
char gzsetparams ();
#ifdef F77_DUMMY_MAIN
#  ifdef __cplusplus
     extern "C"
#  endif
   int F77_DUMMY_MAIN() { return 1; }
#endif
int
main ()
{
gzsetparams ();
  ;
  return 0;
}
configure:8134: result: no
configure:8247: WARNING: *** ZLIB library files not found: PNG Input will be disabled. ***
configure:8253: checking for png_get_image_width in -lpng
configure:8286: gcc -o conftest -g -O2   conftest.c -lpng -lz -lm  >&5
/usr/bin/ld: cannot find -lpng
/usr/bin/ld: cannot find -lz
collect2: error: ld returned 1 exit status
configure:8289: $? = 1
configure: failed program was:
#line 8260 "configure"
#include "confdefs.h"

/* Override any gcc2 internal prototype to avoid an error.  */
#ifdef __cplusplus
extern "C"
#endif
/* We use char because int might match the return type of a gcc2
   builtin and then its argument prototype would still apply.  */
char png_get_image_width ();
#ifdef F77_DUMMY_MAIN
#  ifdef __cplusplus
     extern "C"
#  endif
   int F77_DUMMY_MAIN() { return 1; }
#endif
int
main ()
{
png_get_image_width ();
  ;
  return 0;
}
configure:8306: result: no
configure:8392: WARNING: *** Cannot find libpng.            ***
configure:8394: WARNING: *** Png input handler is disabled. ***
configure:8419: checking ming.h usability
configure:8428: gcc -c -g -O2  conftest.c >&5
configure:8456:18: fatal error: ming.h: No such file or directory
compilation terminated.
configure:8431: $? = 1
configure: failed program was:
#line 8421 "configure"
#include "confdefs.h"
#include <stdio.h>
#if HAVE_SYS_TYPES_H
# include <sys/types.h>
#endif
#if HAVE_SYS_STAT_H
# include <sys/stat.h>
#endif
#if STDC_HEADERS
# include <stdlib.h>
# include <stddef.h>
#else
# if HAVE_STDLIB_H
#  include <stdlib.h>
# endif
#endif
#if HAVE_STRING_H
# if !STDC_HEADERS && HAVE_MEMORY_H
#  include <memory.h>
# endif
# include <string.h>
#endif
#if HAVE_STRINGS_H
# include <strings.h>
#endif
#if HAVE_INTTYPES_H
# include <inttypes.h>
#else
# if HAVE_STDINT_H
#  include <stdint.h>
# endif
#endif
#if HAVE_UNISTD_H
# include <unistd.h>
#endif
#include <ming.h>
configure:8446: result: no
configure:8450: checking ming.h presence
configure:8457: gcc -E  conftest.c
configure:8453:18: fatal error: ming.h: No such file or directory
 #line $LINENO "configure"
                  ^
compilation terminated.
configure:8463: $? = 1
configure: failed program was:
#line 8452 "configure"
#include "confdefs.h"
#include <ming.h>
configure:8481: result: no
configure:8499: checking for ming.h
configure:8506: result: no
configure:8591: WARNING: *** Cannot find ming.h.     ***
configure:8593: WARNING: *** SWF output is disabled. ***
configure:8606: checking whether the host is Darwin
configure:8618: result: no
configure:8691: checking for g++
configure:8707: found /usr/bin/g++
configure:8717: result: g++
configure:8733: checking for C++ compiler version
configure:8736: g++ --version </dev/null >&5
g++ (Ubuntu 5.4.0-6ubuntu1~16.04.4) 5.4.0 20160609
Copyright (C) 2015 Free Software Foundation, Inc.
This is free software; see the source for copying conditions.  There is NO
warranty; not even for MERCHANTABILITY or FITNESS FOR A PARTICULAR PURPOSE.

configure:8739: $? = 0
configure:8741: g++ -v </dev/null >&5
Using built-in specs.
COLLECT_GCC=g++
COLLECT_LTO_WRAPPER=/usr/lib/gcc/x86_64-linux-gnu/5/lto-wrapper
Target: x86_64-linux-gnu
Configured with: ../src/configure -v --with-pkgversion='Ubuntu 5.4.0-6ubuntu1~16.04.4' --with-bugurl=file:///usr/share/doc/gcc-5/README.Bugs --enable-languages=c,ada,c++,java,go,d,fortran,objc,obj-c++ --prefix=/usr --program-suffix=-5 --enable-shared --enable-linker-build-id --libexecdir=/usr/lib --without-included-gettext --enable-threads=posix --libdir=/usr/lib --enable-nls --with-sysroot=/ --enable-clocale=gnu --enable-libstdcxx-debug --enable-libstdcxx-time=yes --with-default-libstdcxx-abi=new --enable-gnu-unique-object --disable-vtable-verify --enable-libmpx --enable-plugin --with-system-zlib --disable-browser-plugin --enable-java-awt=gtk --enable-gtk-cairo --with-java-home=/usr/lib/jvm/java-1.5.0-gcj-5-amd64/jre --enable-java-home --with-jvm-root-dir=/usr/lib/jvm/java-1.5.0-gcj-5-amd64 --with-jvm-jar-dir=/usr/lib/jvm-exports/java-1.5.0-gcj-5-amd64 --with-arch-directory=amd64 --with-ecj-jar=/usr/share/java/eclipse-ecj.jar --enable-objc-gc --enable-multiarch --disable-werror --with-arch-32=i686 --with-abi=m64 --with-multilib-list=m32,m64,mx32 --enable-multilib --with-tune=generic --enable-checking=release --build=x86_64-linux-gnu --host=x86_64-linux-gnu --target=x86_64-linux-gnu
Thread model: posix
gcc version 5.4.0 20160609 (Ubuntu 5.4.0-6ubuntu1~16.04.4) 
configure:8744: $? = 0
configure:8746: g++ -V </dev/null >&5
g++: error: unrecognized command line option '-V'
g++: fatal error: no input files
compilation terminated.
configure:8749: $? = 1
configure:8752: checking whether we are using the GNU C++ compiler
configure:8779: g++ -c   conftest.cc >&5
configure:8782: $? = 0
configure:8785: test -s conftest.o
configure:8788: $? = 0
configure:8800: result: yes
configure:8806: checking whether g++ accepts -g
configure:8830: g++ -c -g  conftest.cc >&5
configure:8833: $? = 0
configure:8836: test -s conftest.o
configure:8839: $? = 0
configure:8849: result: yes
configure:8895: g++ -c -g -O2  conftest.cc >&5
configure:8898: $? = 0
configure:8901: test -s conftest.o
configure:8904: $? = 0
configure:8932: g++ -c -g -O2  conftest.cc >&5
configure: In function 'int main()':
configure:8924:9: error: 'exit' was not declared in this scope
configure:8935: $? = 1
configure: failed program was:
#line 8913 "configure"
#include "confdefs.h"

#ifdef F77_DUMMY_MAIN
#  ifdef __cplusplus
     extern "C"
#  endif
   int F77_DUMMY_MAIN() { return 1; }
#endif
int
main ()
{
exit (42);
  ;
  return 0;
}
configure:8895: g++ -c -g -O2  conftest.cc >&5
configure:8898: $? = 0
configure:8901: test -s conftest.o
configure:8904: $? = 0
configure:8932: g++ -c -g -O2  conftest.cc >&5
configure:8935: $? = 0
configure:8938: test -s conftest.o
configure:8941: $? = 0
configure:8965: checking dependency style of g++
configure:9027: result: none
configure:9035: checking for main in -lg++
configure:9062: gcc -o conftest -g -O2   conftest.c -lg++   >&5
/usr/bin/ld: cannot find -lg++
collect2: error: ld returned 1 exit status
configure:9065: $? = 1
configure: failed program was:
#line 9042 "configure"
#include "confdefs.h"


#ifdef F77_DUMMY_MAIN
#  ifdef __cplusplus
     extern "C"
#  endif
   int F77_DUMMY_MAIN() { return 1; }
#endif
int
main ()
{
main ();
  ;
  return 0;
}
configure:9082: result: no
configure:9088: checking for main in -lstdc++
configure:9115: gcc -o conftest -g -O2   conftest.c -lstdc++   >&5
configure:9118: $? = 0
configure:9121: test -s conftest
configure:9124: $? = 0
configure:9135: result: yes
configure:9142: checking for C++ runtime
configure:9145: result: -lstdc++ 
configure:9148: checking for main in -ldl
configure:9175: gcc -o conftest -g -O2   conftest.c -ldl   >&5
configure:9178: $? = 0
configure:9181: test -s conftest
configure:9184: $? = 0
configure:9195: result: yes
configure:9246: checking for pstoedit-config
configure:9277: result: no
configure:9285: checking for PSTOEDIT - version >= 3.32.1
configure:9397: result: no
configure:9518: checking for pstoedit-config
configure:9549: result: no
configure:9557: checking for PSTOEDIT - version >= 3.32.0
configure:9669: result: no
configure:9855: WARNING:
*** Cannot find libpstoedit. ***
*** Output functions using libpstoedit are disabled ***
configure:9959: creating ./config.status

## ---------------------- ##
## Running config.status. ##
## ---------------------- ##

This file was extended by config.status, which was
generated by GNU Autoconf 2.53.  Invocation command line was

  CONFIG_FILES    = 
  CONFIG_HEADERS  = 
  CONFIG_LINKS    = 
  CONFIG_COMMANDS = 
  $ ./config.status 

on dabeeo-ubuntu

config.status:646: creating Makefile
config.status:646: creating autotrace-config
config.status:646: creating autotrace.pc
config.status:646: creating autotrace.spec
config.status:750: creating config.h
config.status:960: executing default-1 commands
config.status:960: executing default commands

## ---------------- ##
## Cache variables. ##
## ---------------- ##

ac_cv_build=x86_64-unknown-linux-gnu
ac_cv_build_alias=x86_64-unknown-linux-gnu
ac_cv_c_compiler_gnu=yes
ac_cv_cxx_compiler_gnu=yes
ac_cv_env_CC_set=
ac_cv_env_CC_value=
ac_cv_env_CFLAGS_set=
ac_cv_env_CFLAGS_value=
ac_cv_env_CPPFLAGS_set=
ac_cv_env_CPPFLAGS_value=
ac_cv_env_CPP_set=
ac_cv_env_CPP_value=
ac_cv_env_CXXFLAGS_set=
ac_cv_env_CXXFLAGS_value=
ac_cv_env_CXX_set=
ac_cv_env_CXX_value=
ac_cv_env_LDFLAGS_set=
ac_cv_env_LDFLAGS_value=
ac_cv_env_build_alias_set=
ac_cv_env_build_alias_value=
ac_cv_env_host_alias_set=
ac_cv_env_host_alias_value=
ac_cv_env_target_alias_set=
ac_cv_env_target_alias_value=
ac_cv_exeext=
ac_cv_header_dlfcn_h=yes
ac_cv_header_inttypes_h=yes
ac_cv_header_malloc_h=yes
ac_cv_header_memory_h=yes
ac_cv_header_ming_h=no
ac_cv_header_stdc=yes
ac_cv_header_stdint_h=yes
ac_cv_header_stdlib_h=yes
ac_cv_header_string_h=yes
ac_cv_header_strings_h=yes
ac_cv_header_sys_stat_h=yes
ac_cv_header_sys_types_h=yes
ac_cv_header_unistd_h=yes
ac_cv_host=x86_64-unknown-linux-gnu
ac_cv_host_alias=x86_64-unknown-linux-gnu
ac_cv_lib_dl_main=yes
ac_cv_lib_gpp_main=no
ac_cv_lib_png_png_get_image_width=no
ac_cv_lib_stdcpp_main=yes
ac_cv_lib_z_gzsetparams=no
ac_cv_objext=o
ac_cv_path_PSTOEDIT_CONFIG=no
ac_cv_path_install='/usr/bin/install -c'
ac_cv_prog_AWK=mawk
ac_cv_prog_CPP='gcc -E'
ac_cv_prog_MAGICK_CONFIG=
ac_cv_prog_ac_ct_CC=gcc
ac_cv_prog_ac_ct_CXX=g++
ac_cv_prog_ac_ct_RANLIB=ranlib
ac_cv_prog_ac_ct_STRIP=strip
ac_cv_prog_cc_g=yes
ac_cv_prog_cxx_g=yes
ac_cv_prog_make_make_set=yes
am_cv_CC_dependencies_compiler_type=none
am_cv_CXX_dependencies_compiler_type=none
lt_cv_archive_cmds_need_lc=no
lt_cv_compiler_c_o=yes
lt_cv_compiler_o_lo=yes
lt_cv_deplibs_check_method='file_magic ELF [0-9][0-9]*-bit [LM]SB (shared object|dynamic lib )'
lt_cv_file_magic_cmd='$MAGIC_CMD'
lt_cv_file_magic_test_file='/lib/libc.so* /lib/libc-*.so'
lt_cv_global_symbol_to_c_name_address='sed -n -e '\''s/^: \([^ ]*\) $/  {\"\1\", (lt_ptr) 0},/p'\'' -e '\''s/^[BCDEGRST] \([^ ]*\) \([^ ]*\)$/  {"\2", (lt_ptr) \&\2},/p'\'''
lt_cv_global_symbol_to_cdecl='sed -n -e '\''s/^. .* \(.*\)$/extern char \1;/p'\'''
lt_cv_ld_reload_flag=-r
lt_cv_path_LD=/usr/bin/ld
lt_cv_path_MAGIC_CMD=/usr/bin/file
lt_cv_path_NM='/usr/bin/nm -B'
lt_cv_prog_cc_can_build_shared=yes
lt_cv_prog_cc_no_builtin=
lt_cv_prog_cc_pic=' -fPIC'
lt_cv_prog_cc_pic_works=yes
lt_cv_prog_cc_shlib=
lt_cv_prog_cc_static=-static
lt_cv_prog_cc_static_works=yes
lt_cv_prog_cc_wl=-Wl,
lt_cv_prog_gnu_ld=yes
lt_cv_sys_global_symbol_pipe='sed -n -e '\''s/^.*[ 	]\([ABCDGISTW][ABCDGISTW]*\)[ 	][ 	]*\(\)\([_A-Za-z][_A-Za-z0-9]*\)$/\1 \2\3 \3/p'\'''
lt_cv_sys_path_separator=:

## ----------- ##
## confdefs.h. ##
## ----------- ##

#define PACKAGE_NAME ""
#define PACKAGE_TARNAME ""
#define PACKAGE_VERSION ""
#define PACKAGE_STRING ""
#define PACKAGE_BUGREPORT ""
#define AUTOTRACE_VERSION "0.31.1"
#define STDC_HEADERS 1
#define HAVE_SYS_TYPES_H 1
#define HAVE_SYS_STAT_H 1
#define HAVE_STDLIB_H 1
#define HAVE_STRING_H 1
#define HAVE_MEMORY_H 1
#define HAVE_STRINGS_H 1
#define HAVE_INTTYPES_H 1
#define HAVE_STDINT_H 1
#define HAVE_UNISTD_H 1
#define HAVE_DLFCN_H 1
#define AUTOTRACE_WEB "http://autotrace.sourceforge.net"
#define HAVE_MALLOC_H 1
#ifdef __cplusplus
#include <stdlib.h>
#endif

configure: exit 0

## ---------------------- ##
## Running config.status. ##
## ---------------------- ##

This file was extended by config.status, which was
generated by GNU Autoconf 2.53.  Invocation command line was

  CONFIG_FILES    = 
  CONFIG_HEADERS  = config.h
  CONFIG_LINKS    = 
  CONFIG_COMMANDS = 
  $ ./config.status 

on dabeeo-ubuntu

config.status:750: creating config.h
config.status:859: config.h is unchanged
config.status:960: executing default-1 commands
config.status:960: executing default commands
